System: rock-ms7a95
CPU: Intel(R) Core(TM) i9-7900X CPU @ 3.30GHz
GPU: NVIDIA GeForce RTX 3090
Driver: 580.65.06
Implementation: cub_cpp
Data type: float32
Target runtime: 1.2s
Passes: 500
Units: GiB
Peak BW reference: 872.0 GiB/s
Random seeds set for reproducibility
WARNING: CUB C++ implementation doesn't support --passes > 1, using passes=1
Finding target N for GPU to reach 1.2s runtime...
  Testing N=16,777,216 (16.8M elements)...
    Runtime: 0.534s
  Testing N=67,108,864 (67.1M elements)...
    Runtime: 0.643s
  Testing N=134,217,728 (134.2M elements)...
    Runtime: 1.077s
  Testing N=268,435,456 (268.4M elements)...
    Runtime: 1.941s
  ✓ Selected N=268,435,456 with runtime 1.941s

=== Energy Measurement Window ===
Starting energy measurement...
Results: kernel_ms=1955.175, result=134218300.0, bw=0.51 GiB/s

=== Results ===
Array size N: 268,435,456 (268.4M elements)
Passes: 1
Total bytes: 1,073,741,824 (1.00 GiB)
Kernel time: 1955.175 ms (1.955 s)
Energy window: 1.965 s
Result: 1.342183e+08
Bandwidth: 0.5 GiB/s
Peak BW %: 0.1%
Energy: 233.615 J
Power: 118.9 W
QC Status: QC_PASS (kernel time >= 1.2s: True)

=== Validation ===
Expected: 1.342183e+08
Actual:   1.342183e+08
Rel. error: 3.58e-07
Tolerance: 5.0e-04
Status: ✓ PASS
✓ Validation passed

Results appended to: data/raw/reduction_benchmark.csv

💡 Cross-validation: Run with --impl cupy or --impl custom to compare performance
   Expected: CUB (cub_cpp) >= cupy >= custom within ±5-10% tolerance
