System: rock-ms7a95
CPU: Intel(R) Core(TM) i9-7900X CPU @ 3.30GHz
GPU: NVIDIA GeForce RTX 3090
Driver: 580.65.06
Implementation: cpu
Data type: float32
Target runtime: 1.2s
Passes: 10
Units: GiB
Random seeds set for reproducibility
Finding target N for CPU to reach 1.2s runtime...
  Testing N=16,777,216 (16.8M elements)...
    Runtime: 0.050s
  Testing N=67,108,864 (67.1M elements)...
    Runtime: 0.197s
  Testing N=134,217,728 (134.2M elements)...
    Runtime: 0.412s
  Testing N=268,435,456 (268.4M elements)...
    Runtime: 0.783s
  Testing N=536,870,912 (536.9M elements)...
    Runtime: 1.601s
  ✓ Selected N=536,870,912 with runtime 1.601s

=== Energy Measurement Window ===
Starting energy measurement...
Results: kernel_ms=1591.054, result=2684280064.0, bw=12.57 GiB/s

=== Results ===
Array size N: 536,870,912 (536.9M elements)
Passes: 10
Total bytes: 21,474,836,480 (20.00 GiB)
Kernel time: 1591.054 ms (1.591 s)
Energy window: 1.596 s
Result: 2.684280e+09
Bandwidth: 12.6 GiB/s
Energy: 59.358 J
Power: 37.2 W
QC Status: QC_PASS (kernel time >= 1.2s: True)

=== Validation ===
Expected: 2.684280e+09
Actual:   2.684280e+09
Rel. error: 9.54e-08
Tolerance: 5.0e-04
Status: ✓ PASS
✓ Validation passed

Results appended to: data/raw/reduction_benchmark.csv

💡 Tip: With --passes 10, try different values (100, 200, 500) to find optimal energy measurement window
